<?xml version="1.0" encoding="UTF-8"?>
<!-- Generated by org.testng.reporters.JUnitReportReporter -->
<testsuite hostname="DESKTOP-FID91T4" failures="0" tests="1" name="com.project.e_learning.test.TestELearningStore" time="0.015" errors="0" timestamp="2023-12-27T18:06:24 IST" skipped="0">
  <testcase classname="com.project.e_learning.test.TestELearningStore" name="main" time="0.015"/>
</testsuite> <!-- com.project.e_learning.test.TestELearningStore -->
