<?xml version="1.0" encoding="UTF-8"?>
<!-- Generated by org.testng.reporters.JUnitReportReporter -->
<testsuite hostname="DESKTOP-FID91T4" failures="0" tests="5" name="com.project.e_learning.test.TestElearningCourse" time="0.038" errors="0" timestamp="2023-12-28T15:18:07 IST" skipped="0">
  <testcase classname="com.project.e_learning.test.TestElearningCourse" name="findcourseSelenium" time="0.005"/>
  <testcase classname="com.project.e_learning.test.TestElearningCourse" name="findcourseTitle" time="0.002"/>
  <testcase classname="com.project.e_learning.test.TestElearningCourse" name="findEmptyInput" time="0.015"/>
  <testcase classname="com.project.e_learning.test.TestElearningCourse" name="findcourseGit" time="0.003"/>
  <testcase classname="com.project.e_learning.test.TestElearningCourse" name="findcourse" time="0.013"/>
</testsuite> <!-- com.project.e_learning.test.TestElearningCourse -->
